
ROM used:   2727/8192 (33%)
            3172/8192 (39%) including unused fragments

            1.8 Average locations per line
            12.9 Average locations per statement

RAM used:   64/368 (17%) at main() level
            135/368 (37%) worst case

Stack used: 4 worst case (4 in main + 0 for interrupts)
Stack size: 8

Lines Stmts  %   Files
----- ----- ---  -----
  178   112  53  main.c
    5     0   0  main.h
  672     0   0  D:\Program Files (x86)\PICC\Devices\16F877A.h
  184     0   0  def_16f877a.h
  456   100  47  D:\Program Files (x86)\PICC\Drivers\lcd.c
----- -----
 1495   212 Total

Page ROM  %  RAM    Vol Diff  Functions:
---- --- --- ---    --- ----  ----------
0     20   1    1             @delay_ms1
 Inline         3    760  4.5  lcd_read_byte
0     51   2    2    262  3.7  lcd_read_nibble
0     58   2    1    399  2.4  lcd_send_nibble
0    100   4    3    415  3.7  lcd_send_byte
0     84   3    6    852  6.2  lcd_init
0     20   1    4    208  6.3  lcd_gotoxy
0     58   2    1    354  4.7  lcd_putc
1   1124  41    4   5205 11.3  MAIN
0     31   1    2             @ITOF
0    119   4   13             @MULFF
0    204   7   14             @DIVFF
 Inline         5             @FTOSD
0     81   3   13             @DIV3232
0    246   9   13             @PRINTF_L32D_790FPFPF
0    134   5    9             @PRINTF_LD_790
0    328  12   16             @ADDFF
0     65   2   10             @FLT
 Inline         0             @cinit1

Program metrics:
    Functions               8
    Statements              212
    Comments                263
    Volume (V)              11241
    Difficulty (D)          41.5
    Effort to implement (E) 466504
    Time to implement (T)   7 hours, 12 minutes
    Est Delivered Bugs (B)  2
    Cyclomatic Complexity   39
    Maintainability (MI)    105

 Segment     Used  Free
-----------  ----  ----
00000-00003     4  0  
00004-007FF  1599  445  
00800-00FFF  1124  924  
01000-017FF     0  2048  
01800-01FFF     0  2048  



